Log file open, 12/08/16 21:47:34
LogInit:Display: Running engine for game: ProjectStarWars
LogPlatformFile: Not using cached read wrapper
LogInit:Display: RandInit(70261519) SRandInit(70261522).
LogTaskGraph: Started task graph with 4 named threads and 7 total threads with 1 sets of task threads.
LogStats: Stats thread started at 0.394807
LogInit: Version: 4.12.5-3039270+++UE4+Release-4.12
LogInit: API Version: 2992821
LogInit: Net Version: 3039270
LogDevObjectVersion: Number of dev versions registered: 13
LogDevObjectVersion:   Dev-Blueprints (B0D832E4-1F89-4F0D-ACCF-7EB736FD4AA2): 3
LogDevObjectVersion:   Dev-Build (E1C64328-A22C-4D53-A36C-8E866417BD8C): 0
LogDevObjectVersion:   Dev-Core (375EC13C-06E4-48FB-B500-84F0262A717E): 1
LogDevObjectVersion:   Dev-Editor (E4B068ED-F494-42E9-A231-DA0B2E46BB41): 2
LogDevObjectVersion:   Dev-Framework (CFFC743F-43B0-4480-9391-14DF171D2073): 6
LogDevObjectVersion:   Dev-Mobile (B02B49B5-BB20-44E9-A304-32B752E40360): 0
LogDevObjectVersion:   Dev-Networking (A4E4105C-59A1-49B5-A7C5-40C4547EDFEE): 0
LogDevObjectVersion:   Dev-Online (39C831C9-5AE6-47DC-9A44-9C173E1C8E7C): 0
LogDevObjectVersion:   Dev-Physics (78F01B33-EBEA-4F98-B9B4-84EACCB95AA2): 0
LogDevObjectVersion:   Dev-Platform (6631380F-2D4D-43E0-8009-CF276956A95A): 0
LogDevObjectVersion:   Dev-Rendering (12F88B9F-8875-4AFC-A67C-D90C383ABD29): 2
LogDevObjectVersion:   Dev-Sequencer (7B5AE74C-D270-4C10-A958-57980B212A5A): 0
LogDevObjectVersion:   Dev-VR (D7296918-1DD6-4BDD-9DE2-64A83CC13884): 0
LogInit: Compiled (64-bit): Jul  6 2016 09:09:46
LogInit: Compiled with Visual C++: 19.00.23026.00
LogInit: Build Configuration: Development
LogInit: Branch Name: ++UE4+Release-4.12
LogInit: Command line: -EpicPortal 
LogInit: Base directory: C:/Program Files (x86)/Epic Games/4.12/Engine/Binaries/Win64/
LogInit: Installed Engine Build: 1
LogInit: Using libcurl 7.41.0
LogInit:  - built for x86_64-pc-win32
LogInit:  - supports SSL with WinSSL
LogInit:  - other features:
LogInit:      CURL_VERSION_SSL
LogInit:      CURL_VERSION_IPV6
LogInit:      CURL_VERSION_ASYNCHDNS
LogInit:      CURL_VERSION_LARGEFILE
LogInit:      CURL_VERSION_IDN
LogInit:  CurlRequestOptions (configurable via config and command line):
LogInit:  - bVerifyPeer = true  - Libcurl will verify peer certificate
LogInit:  - bUseHttpProxy = false  - Libcurl will NOT use HTTP proxy
LogInit:  - bDontReuseConnections = false  - Libcurl will reuse connections
LogInit:  - CertBundlePath = nullptr  - Libcurl will use whatever was configured at build time.
LogInit: Presizing for max 8388607 objects, including 0 objects not considered by GC, pre-allocating 0 bytes for permanent pool.
LogInit: Object subsystem initialized
[2016.12.09-05.47.35:156][  0]LogInit: Selected Device Profile: [Windows]
[2016.12.09-05.47.35:156][  0]LogInit: Applying CVar settings loaded from the selected device profile: [Windows]
[2016.12.09-05.47.35:243][  0]LogInit: Computer: SSMITH-PC
[2016.12.09-05.47.35:243][  0]LogInit: User: Kylie
[2016.12.09-05.47.35:243][  0]LogInit: CPU Page size=65536, Cores=4
[2016.12.09-05.47.35:243][  0]LogInit: High frequency timer resolution =2.943164 MHz
[2016.12.09-05.47.35:243][  0]LogMemory: Memory total: Physical=4.0GB (4GB approx)
[2016.12.09-05.47.35:243][  0]LogMemory: Platform Memory Stats for Windows
[2016.12.09-05.47.35:243][  0]LogMemory: Process Physical Memory: 190.50 MB used, 190.50 MB peak
[2016.12.09-05.47.35:243][  0]LogMemory: Process Virtual Memory: 196.19 MB used, 196.19 MB peak
[2016.12.09-05.47.35:243][  0]LogMemory: Physical Memory: 3821.13 MB used, 4094.49 MB total
[2016.12.09-05.47.35:243][  0]LogMemory: Virtual Memory: 522.46 MB used, 8388608.00 MB total
[2016.12.09-05.47.38:977][  0]LogTextLocalizationManager: No specific translations for ('en-US') exist, so ('en') translations will be used.
[2016.12.09-05.47.42:522][  0]LogD3D11RHI: D3D11 adapters:
[2016.12.09-05.47.43:371][  0]LogD3D11RHI:    0. 'NVIDIA GeForce GTX 560 Ti  ' (Feature Level 11_0)
[2016.12.09-05.47.43:371][  0]LogD3D11RHI:       977/0/1791 MB DedicatedVideo/DedicatedSystem/SharedSystem, Outputs:1, VendorId:0x10de
[2016.12.09-05.47.43:371][  0]LogD3D11RHI: Chosen D3D11 Adapter: 0
[2016.12.09-05.47.43:378][  0]LogD3D11RHI: Creating new Direct3DDevice
[2016.12.09-05.47.43:378][  0]LogD3D11RHI:     GPU DeviceId: 0x1200 (for the marketing name, search the web for "GPU Device Id")
[2016.12.09-05.47.43:378][  0]LogWindows: EnumDisplayDevices:
[2016.12.09-05.47.43:378][  0]LogWindows:    0. 'NVIDIA GeForce GTX 560 Ti  ' (P:1 D:1)
[2016.12.09-05.47.43:378][  0]LogWindows:    1. 'NVIDIA GeForce GTX 560 Ti  ' (P:0 D:0)
[2016.12.09-05.47.43:378][  0]LogWindows:    2. 'RDPDD Chained DD' (P:0 D:0)
[2016.12.09-05.47.43:378][  0]LogWindows:    3. 'RDP Encoder Mirror Driver' (P:0 D:0)
[2016.12.09-05.47.43:379][  0]LogWindows:    4. 'RDP Reflector Display Driver' (P:0 D:0)
[2016.12.09-05.47.43:379][  0]LogWindows: DebugString: GetVideoDriverDetailsInvalid PrimaryIsNotTheChoosenAdapter GetVideoDriverDetailsInvalid PrimaryIsNotTheChoosenAdapter GetVideoDriverDetailsInvalid PrimaryIsNotTheChoosenAdapter FoundDriverCount:2 
[2016.12.09-05.47.43:379][  0]LogD3D11RHI:     Adapter Name: NVIDIA GeForce GTX 560 Ti  
[2016.12.09-05.47.43:379][  0]LogD3D11RHI:   Driver Version: 347.52 (internal:9.18.13.4752, unified:347.52)
[2016.12.09-05.47.43:379][  0]LogD3D11RHI:      Driver Date: 2-5-2015
[2016.12.09-05.47.43:379][  0]LogRHI: Texture pool is 684 MB (70% of 977 MB)
[2016.12.09-05.47.43:421][  0]LogD3D11RHI: Async texture creation enabled
[2016.12.09-05.47.43:445][  0]LogD3D11RHI: GPU Timing Frequency: 1000.000000 (Debug: 2 2)
[2016.12.09-05.47.43:445][  0]LogShaderCompilers: Guid format shader working directory is -34 characters bigger than the processId version (../../../../../../Users/Kylie/Desktop/smithKylie_CS393D/ProjectStarWars 4.12 - 2/Intermediate/Shaders/WorkingDirectory/7840/).
[2016.12.09-05.47.43:445][  0]LogShaderCompilers: Cleaned the shader compiler working directory 'C:/Users/Kylie/AppData/Local/Temp/UnrealShaderWorkingDir/50FE266A4FFBA970B8B1638B72C2918F/'.
[2016.12.09-05.47.43:445][  0]LogShaderCompilers:Display: Using Local Shader Compiler.
[2016.12.09-05.48.40:213][  0]LogTemp:Display: Loaded TP AllDesktopTargetPlatform
[2016.12.09-05.48.40:277][  0]LogTemp:Display: Loaded TP WindowsClientTargetPlatform
[2016.12.09-05.48.40:317][  0]LogTemp:Display: Loaded TP WindowsNoEditorTargetPlatform
[2016.12.09-05.48.40:463][  0]LogTemp:Display: Loaded TP WindowsServerTargetPlatform
[2016.12.09-05.48.40:480][  0]LogTemp:Display: Loaded TP WindowsTargetPlatform
[2016.12.09-05.48.40:496][  0]LogTemp:Display: Loaded TP AndroidTargetPlatform
[2016.12.09-05.48.40:599][  0]LogTemp:Display: Loaded TP Android_ASTCTargetPlatform
[2016.12.09-05.48.40:675][  0]LogTemp:Display: Loaded TP Android_ATCTargetPlatform
[2016.12.09-05.48.40:691][  0]LogTemp:Display: Loaded TP Android_DXTTargetPlatform
[2016.12.09-05.48.40:710][  0]LogTemp:Display: Loaded TP Android_ETC1TargetPlatform
[2016.12.09-05.48.40:724][  0]LogTemp:Display: Loaded TP Android_ETC2TargetPlatform
[2016.12.09-05.48.40:758][  0]LogTemp:Display: Loaded TP Android_MultiTargetPlatform
[2016.12.09-05.48.40:758][  0]LogTemp:Display: Loaded TP Android_PVRTCTargetPlatform
[2016.12.09-05.48.40:759][  0]LogTemp:Display: Loaded TP HTML5TargetPlatform
[2016.12.09-05.48.40:886][  0]LogTemp:Display: Loaded TP IOSTargetPlatform
[2016.12.09-05.48.40:898][  0]LogTemp:Display: Loaded TP TVOSTargetPlatform
[2016.12.09-05.48.40:911][  0]LogTemp:Display: Loaded TP LinuxNoEditorTargetPlatform
[2016.12.09-05.48.40:924][  0]LogTemp:Display: Loaded TP LinuxServerTargetPlatform
[2016.12.09-05.48.40:950][  0]LogTemp:Display: Loaded TP LinuxTargetPlatform
[2016.12.09-05.48.40:950][  0]LogTargetPlatformManager:Display: Building Assets For Windows
[2016.12.09-05.48.41:512][  0]LogDerivedDataCache:Display: Max Cache Size: 512 MB
[2016.12.09-05.48.42:231][  0]LogDerivedDataCache: Loaded boot cache 0.72s 48MB C:/Users/Kylie/AppData/Local/UnrealEngine/4.12/DerivedDataCache/Boot.ddc.
[2016.12.09-05.48.42:232][  0]LogDerivedDataCache:Display: Loaded Boot cache: C:/Users/Kylie/AppData/Local/UnrealEngine/4.12/DerivedDataCache/Boot.ddc
[2016.12.09-05.48.42:232][  0]LogDerivedDataCache: FDerivedDataBackendGraph:  Pak pak cache file ../../../../../../Users/Kylie/Desktop/smithKylie_CS393D/ProjectStarWars 4.12 - 2/DerivedDataCache/DDC.ddp not found, will not use a pak cache.
[2016.12.09-05.48.42:232][  0]LogDerivedDataCache: Unable to find inner node Pak for hierarchical cache Hierarchy.
[2016.12.09-05.48.42:232][  0]LogDerivedDataCache: FDerivedDataBackendGraph:  CompressedPak pak cache file ../../../../../../Users/Kylie/Desktop/smithKylie_CS393D/ProjectStarWars 4.12 - 2/DerivedDataCache/Compressed.ddp not found, will not use a pak cache.
[2016.12.09-05.48.42:232][  0]LogDerivedDataCache: Unable to find inner node CompressedPak for hierarchical cache Hierarchy.
[2016.12.09-05.48.42:262][  0]LogDerivedDataCache:Display: Pak cache opened for reading ../../../Engine/DerivedDataCache/Compressed.ddp.
[2016.12.09-05.48.42:274][  0]LogDerivedDataCache: Using Local data cache path C:/Users/Kylie/AppData/Local/UnrealEngine/Common/DerivedDataCache: Writable
[2016.12.09-05.48.45:839][  0]LogInit: Selected Device Profile: [Windows]
[2016.12.09-05.48.45:862][  0]LogContentStreaming: Texture pool size is 0.00 MB
[2016.12.09-05.48.46:680][  0]LogMeshUtilities: No automatic mesh reduction module available
[2016.12.09-05.48.46:680][  0]LogMeshUtilities: No automatic mesh merging module available
[2016.12.09-05.48.46:680][  0]LogMeshUtilities: No distributed automatic mesh merging module available
[2016.12.09-05.48.50:516][  0]LogAssetRegistry: FAssetRegistry took 0.0198 seconds to start up
[2016.12.09-05.48.50:548][  0]LogPackageLocalizationCache: Processed 3 localized package path(s) for 2 prioritized culture(s) in 0.029181 seconds
[2016.12.09-05.48.50:556][  0]LogUObjectArray: 28739 objects as part of root set at end of initial load.
[2016.12.09-05.48.50:556][  0]LogUObjectAllocator: 5855624 out of 0 bytes used by permanent object pool.
[2016.12.09-05.48.50:556][  0]LogUObjectArray: CloseDisregardForGC: 0/0 objects in disregard for GC pool
[2016.12.09-05.48.50:564][  0]LogInit: WinSock: version 1.1 (2.2), MaxSocks=32767, MaxUdp=65467
[2016.12.09-05.48.55:847][  0]LogSlate: SlateFontCache - WITH_FREETYPE: 1, WITH_HARFBUZZ: 1
[2016.12.09-05.48.55:847][  0]LogSlate: SlateFontCache - WITH_FREETYPE: 1, WITH_HARFBUZZ: 1
[2016.12.09-05.50.19:830][  0]LogUdpMessaging: Initializing bridge on interface 0.0.0.0:0 to multicast group 230.0.0.1:6666.
[2016.12.09-05.50.25:133][  0]SourceControl: Info Source control is disabled
[2016.12.09-05.50.25:134][  0]SourceControl: Info Source control is disabled
[2016.12.09-05.50.25:268][  0]SourceControl: Info Source control is disabled
[2016.12.09-05.50.25:408][  0]SourceControl: Info Source control is disabled
[2016.12.09-05.50.28:648][  0]LogEngine: Initializing Engine...
[2016.12.09-05.50.29:945][  0]LogHMD: SteamVR failed to initialize.  Err: 108
[2016.12.09-05.50.29:953][  0]LogHMD: SteamVR failed to initialize.  Err: 108
[2016.12.09-05.50.31:671][  0]LogAIModule: Creating AISystem for world NewWorld
[2016.12.09-05.50.32:204][  0]LogInit: XAudio2 using 'Speakers (Creative SB X-Fi)' : 2 channels at 48 kHz using 32 bits per sample (channel mask 0x3)
[2016.12.09-05.50.32:266][  0]LogInit: FAudioDevice initialized.
[2016.12.09-05.50.32:318][  0]LogDerivedDataCache: Saved boot cache 0.05s 48MB C:/Users/Kylie/AppData/Local/UnrealEngine/4.12/DerivedDataCache/Boot.ddc.
[2016.12.09-05.50.32:338][  0]LogInit: Texture streaming: Enabled
[2016.12.09-05.50.32:734][  0]LogInit: Transaction tracking system initialized
[2016.12.09-05.50.33:113][  0]BlueprintLog: New page: Editor Load
[2016.12.09-05.50.35:408][  0]LocalizationService: Info Localization service is disabled
[2016.12.09-05.50.37:053][  0]LogConsoleResponse:Display: 
[2016.12.09-05.50.40:175][  0]LogFileCache: Scanning file cache for directory 'C:/Users/Kylie/Desktop/smithKylie_CS393D/ProjectStarWars 4.12 - 2/Content/' took 0.01s
[2016.12.09-05.50.40:175][  0]LogCook:Display: Max memory allowance for cook 8192mb
[2016.12.09-05.50.40:175][  0]LogCook:Display: Mobile HDR setting 1
[2016.12.09-05.50.43:707][  0]SourceControl: Info Source control is disabled
[2016.12.09-05.50.43:707][  0]Cmd: MAP LOAD FILE="../../../Engine/Content/Maps/Templates/Template_Default.umap" TEMPLATE=1 SHOWPROGRESS=1 FEATURELEVEL=3
[2016.12.09-05.50.43:708][  0]LightingResults: New page: Lighting Build
[2016.12.09-05.50.43:712][  0]MapCheck: New page: Map Check
[2016.12.09-05.50.43:712][  0]LightingResults: New page: Lighting Build
[2016.12.09-05.50.44:248][  0]LogAIModule: Creating AISystem for world Untitled_1
[2016.12.09-05.50.44:763][  0]LogEditorServer: Finished looking for orphan Actors (0.000 secs)
[2016.12.09-05.50.44:770][  0]Cmd: MAP CHECKDEP NOCLEARLOG
[2016.12.09-05.50.44:913][  0]MapCheck: Info Map check complete: 0 Error(s), 0 Warning(s), took 142.937ms to complete.
[2016.12.09-05.50.44:913][  0]LogFileHelpers: Loading map 'Template_Default' took 1.206
[2016.12.09-05.50.57:833][  0]LogCollectionManager: Loaded 0 collections in 0.001969 seconds
[2016.12.09-05.51.01:063][  0]LogFileCache: Scanning file cache for directory 'C:/Users/Kylie/Desktop/smithKylie_CS393D/ProjectStarWars 4.12 - 2/Saved/Collections/' took 0.01s
[2016.12.09-05.51.01:063][  0]LogFileCache: Scanning file cache for directory 'C:/Users/Kylie/Desktop/smithKylie_CS393D/ProjectStarWars 4.12 - 2/Content/Developers/Kylie/Collections/' took 0.01s
[2016.12.09-05.51.01:063][  0]LogFileCache: Scanning file cache for directory 'C:/Users/Kylie/Desktop/smithKylie_CS393D/ProjectStarWars 4.12 - 2/Content/Collections/' took 0.01s
[2016.12.09-05.51.01:063][  0]LogCollectionManager: Rebuilt the GUID cache for 0 collections in 0.000003 seconds
[2016.12.09-05.51.01:397][  0]LogContentBrowser: Native class hierarchy populated in 0.0915 seconds. Added 2047 classes and 369 folders.
[2016.12.09-05.51.01:814][  0]LogStats: UGameplayTagsManager::ConstructGameplayTagTree: Construct from data asset -  0.000 s
[2016.12.09-05.51.01:844][  0]LogStats: UGameplayTagsManager::ConstructGameplayTagTree: GameplayTagTreeChangedEvent.Broadcast -  0.029 s
[2016.12.09-05.51.01:869][  0]LogContentBrowser: Native class hierarchy updated for 'GameplayTags' in 0.0007 seconds. Added 12 classes and 0 folders.
[2016.12.09-05.51.01:966][  0]LogContentBrowser: Native class hierarchy updated for 'WidgetCarousel' in 0.0007 seconds. Added 0 classes and 0 folders.
[2016.12.09-05.51.08:571][  0]LogContentBrowser: Native class hierarchy updated for 'AddContentDialog' in 0.0007 seconds. Added 0 classes and 0 folders.
[2016.12.09-05.51.09:129][  0]LogContentBrowser: Native class hierarchy updated for 'SceneOutliner' in 0.0007 seconds. Added 1 classes and 2 folders.
[2016.12.09-05.51.15:851][  0]LogCrashTracker: Crashtracker disabled due to settings.
[2016.12.09-05.51.20:787][  0]LogUObjectGlobals:Warning: Failed to find object 'Class None.'
[2016.12.09-05.51.21:609][  0]LogContentBrowser: Native class hierarchy updated for 'HierarchicalLODOutliner' in 0.0007 seconds. Added 1 classes and 2 folders.
[2016.12.09-05.51.21:609][  0]LogLoad: Full Startup: 233.00 seconds (BP compile: 0.34 seconds)
[2016.12.09-05.51.21:609][  0]LogExternalProfiler: Found external profiler: VSPerf
[2016.12.09-05.51.21:609][  0]LogExternalProfiler: Using external profiler: VSPerf
[2016.12.09-05.51.21:654][  0]LogOcInput: OculusInput pre-init called
[2016.12.09-05.51.25:094][  0]LogContentStreaming: Texture pool size now 1000 MB
[2016.12.09-05.51.32:516][  0]LogRenderer: Reallocating scene render targets to support 1208x576 (Frame:2).
[2016.12.09-05.51.36:543][  3]LogAssetRegistry: Asset discovery search completed in 166.0422 seconds
[2016.12.09-05.51.36:543][  3]LogCollectionManager: Rebuilt the object cache for 0 collections in 0.000001 seconds (found 0 objects)
[2016.12.09-05.51.36:543][  3]LogCollectionManager: Fixed up redirectors for 0 collections in 0.000031 seconds (updated 0 objects)
[2016.12.09-05.55.36:462][ 46]LogTexture:Display: Building textures: TitleScreen (AutoDXT)
[2016.12.09-05.55.37:502][ 46]LogContentBrowser: Native class hierarchy updated for 'TextureEditor' in 0.0007 seconds. Added 1 classes and 2 folders.
[2016.12.09-05.55.56:690][724]LogAIModule: Creating AISystem for world TitleScreenLevel
[2016.12.09-05.55.56:962][724]Cmd: MAP LOAD FILE="../../../../../../Users/Kylie/Desktop/smithKylie_CS393D/ProjectStarWars 4.12 - 2/Content/OpeningSequence/TitleScreenLevel.umap" TEMPLATE=0 SHOWPROGRESS=1 FEATURELEVEL=3
[2016.12.09-05.55.56:963][724]LightingResults: New page: Lighting Build
[2016.12.09-05.55.56:964][724]LoadErrors: New page: Loading map: TitleScreenLevel.umap
[2016.12.09-05.55.57:078][724]MapCheck: New page: Map Check
[2016.12.09-05.55.57:078][724]LightingResults: New page: Lighting Build
[2016.12.09-05.55.57:324][724]LogEditorServer: Finished looking for orphan Actors (0.000 secs)
[2016.12.09-05.55.57:382][724]Cmd: MAP CHECKDEP NOCLEARLOG
[2016.12.09-05.55.57:436][724]MapCheck: Info Map check complete: 0 Error(s), 0 Warning(s), took 53.867ms to complete.
[2016.12.09-05.55.57:436][724]LogFileHelpers: Loading map 'TitleScreenLevel' took 0.501
[2016.12.09-05.55.59:664][916]LogTexture:Display: Building textures: CompanyScreen (AutoDXT)
[2016.12.09-05.56.01:379][916]LogAIModule: Creating AISystem for world CompanyScreenLevel
[2016.12.09-05.56.01:474][916]Cmd: MAP LOAD FILE="../../../../../../Users/Kylie/Desktop/smithKylie_CS393D/ProjectStarWars 4.12 - 2/Content/OpeningSequence/CompanyScreenLevel.umap" TEMPLATE=0 SHOWPROGRESS=1 FEATURELEVEL=3
[2016.12.09-05.56.01:474][916]LightingResults: New page: Lighting Build
[2016.12.09-05.56.01:475][916]LoadErrors: New page: Loading map: CompanyScreenLevel.umap
[2016.12.09-05.56.01:475][916]MapCheck: New page: Map Check
[2016.12.09-05.56.01:475][916]LightingResults: New page: Lighting Build
[2016.12.09-05.56.01:502][916]LogEditorServer: Finished looking for orphan Actors (0.000 secs)
[2016.12.09-05.56.01:516][916]Cmd: MAP CHECKDEP NOCLEARLOG
[2016.12.09-05.56.01:570][916]MapCheck: Info Map check complete: 0 Error(s), 0 Warning(s), took 53.432ms to complete.
[2016.12.09-05.56.01:570][916]LogFileHelpers: Loading map 'CompanyScreenLevel' took 0.097
[2016.12.09-05.56.10:067][906]LogBlueprintUserMessages: Early PlayInEditor Detection: Level '/Game/OpeningSequence/CompanyScreenLevel.CompanyScreenLevel:PersistentLevel' has LevelScriptBlueprint '/Game/OpeningSequence/CompanyScreenLevel.CompanyScreenLevel:PersistentLevel.CompanyScreenLevel' with GeneratedClass '/Game/OpeningSequence/CompanyScreenLevel.CompanyScreenLevel_C' with ClassGeneratedBy '/Game/OpeningSequence/CompanyScreenLevel.CompanyScreenLevel:PersistentLevel.CompanyScreenLevel'
[2016.12.09-05.56.10:067][906]LogPlayLevel: PlayLevel: No blueprints needed recompiling
[2016.12.09-05.56.10:112][906]PIE: New page: PIE session: CompanyScreenLevel (Dec 8, 2016, 1:56:10 PM)
[2016.12.09-05.56.10:112][906]LogPlayLevel: Creating play world package: /Game/OpeningSequence/UEDPIE_0_CompanyScreenLevel
[2016.12.09-05.56.10:162][906]LogPlayLevel: PIE: StaticDuplicateObject took: (0.049991s)
[2016.12.09-05.56.10:163][906]LogAIModule: Creating AISystem for world CompanyScreenLevel
[2016.12.09-05.56.10:163][906]LogPlayLevel: PIE: World Init took: (0.001184s)
[2016.12.09-05.56.10:175][906]LogPlayLevel: PIE: Created PIE world by copying editor world from /Game/OpeningSequence/CompanyScreenLevel.CompanyScreenLevel to /Game/OpeningSequence/UEDPIE_0_CompanyScreenLevel.CompanyScreenLevel (0.063456s)
[2016.12.09-05.56.10:212][906]LogInit: XAudio2 using 'Speakers (Creative SB X-Fi)' : 2 channels at 48 kHz using 32 bits per sample (channel mask 0x3)
[2016.12.09-05.56.10:269][906]LogInit: FAudioDevice initialized.
[2016.12.09-05.56.10:505][906]LogWorld: Game class is 'ProjectStarWars-GameMode_C'
[2016.12.09-05.56.10:691][906]LogWorld: Bringing World /Game/OpeningSequence/UEDPIE_0_CompanyScreenLevel.CompanyScreenLevel up for play (max tick rate 0) at 2016.12.08-21.56.10
[2016.12.09-05.56.10:734][906]LogWorld: Bringing up level for play took: 0.044306
[2016.12.09-05.56.11:002][906]LogContentBrowser: Native class hierarchy updated for 'MovieSceneCapture' in 0.0007 seconds. Added 11 classes and 0 folders.
[2016.12.09-05.56.11:253][906]PIE: Info Play in editor start time for /Game/OpeningSequence/UEDPIE_0_CompanyScreenLevel 1.14
[2016.12.09-05.56.11:253][906]LogBlueprintUserMessages: Late PlayInEditor Detection: Level '/Game/OpeningSequence/CompanyScreenLevel.CompanyScreenLevel:PersistentLevel' has LevelScriptBlueprint '/Game/OpeningSequence/CompanyScreenLevel.CompanyScreenLevel:PersistentLevel.CompanyScreenLevel' with GeneratedClass '/Game/OpeningSequence/CompanyScreenLevel.CompanyScreenLevel_C' with ClassGeneratedBy '/Game/OpeningSequence/CompanyScreenLevel.CompanyScreenLevel:PersistentLevel.CompanyScreenLevel'
[2016.12.09-05.56.18:433][692]LogNet: Browse: /Game/OpeningSequence/TitleScreenLevel
[2016.12.09-05.56.18:529][692]LogLoad: LoadMap: /Game/OpeningSequence/TitleScreenLevel
[2016.12.09-05.56.18:808][692]Cmd: MEM
[2016.12.09-05.56.18:947][692]LogMemory: Platform Memory Stats for Windows
[2016.12.09-05.56.18:947][692]LogMemory: Process Physical Memory: 800.51 MB used, 829.27 MB peak
[2016.12.09-05.56.18:947][692]LogMemory: Process Virtual Memory: 728.49 MB used, 762.43 MB peak
[2016.12.09-05.56.18:947][692]LogMemory: Physical Memory: 3398.36 MB used, 4094.49 MB total
[2016.12.09-05.56.18:947][692]LogMemory: Virtual Memory: 1371.20 MB used, 8388608.00 MB total
[2016.12.09-05.56.18:947][692]LogMemory: 
[2016.12.09-05.56.18:947][692]Allocator Stats for TBB: (not implemented)
[2016.12.09-05.56.19:994][692]LogAIModule: Creating AISystem for world TitleScreenLevel
[2016.12.09-05.56.19:995][692]LogWorld: Game class is 'GameMode'
[2016.12.09-05.56.19:997][692]LogWorld: Bringing World /Game/OpeningSequence/UEDPIE_0_TitleScreenLevel.TitleScreenLevel up for play (max tick rate 0) at 2016.12.08-21.56.19
[2016.12.09-05.56.19:998][692]LogWorld: Bringing up level for play took: 0.001790
[2016.12.09-05.56.19:999][692]LogGameMode: Warning - PATHS NOT DEFINED or NO PLAYERSTART with positive rating
[2016.12.09-05.56.20:000][692]LogLoad: Took 1.470788 seconds to LoadMap(/Game/OpeningSequence/TitleScreenLevel)
[2016.12.09-05.56.28:158][665]LogBlueprintUserMessages: Early EndPlayMap Detection: Level '/Game/OpeningSequence/CompanyScreenLevel.CompanyScreenLevel:PersistentLevel' has LevelScriptBlueprint '/Game/OpeningSequence/CompanyScreenLevel.CompanyScreenLevel:PersistentLevel.CompanyScreenLevel' with GeneratedClass '/Game/OpeningSequence/CompanyScreenLevel.CompanyScreenLevel_C' with ClassGeneratedBy '/Game/OpeningSequence/CompanyScreenLevel.CompanyScreenLevel:PersistentLevel.CompanyScreenLevel'
[2016.12.09-05.56.28:294][665]LogBlueprintUserMessages: Late EndPlayMap Detection: Level '/Game/OpeningSequence/CompanyScreenLevel.CompanyScreenLevel:PersistentLevel' has LevelScriptBlueprint '/Game/OpeningSequence/CompanyScreenLevel.CompanyScreenLevel:PersistentLevel.CompanyScreenLevel' with GeneratedClass '/Game/OpeningSequence/CompanyScreenLevel.CompanyScreenLevel_C' with ClassGeneratedBy '/Game/OpeningSequence/CompanyScreenLevel.CompanyScreenLevel:PersistentLevel.CompanyScreenLevel'
[2016.12.09-05.56.31:306][  1]LogAIModule: Creating AISystem for world TitleScreenLevel
[2016.12.09-05.56.31:322][  1]Cmd: MAP LOAD FILE="../../../../../../Users/Kylie/Desktop/smithKylie_CS393D/ProjectStarWars 4.12 - 2/Content/OpeningSequence/TitleScreenLevel.umap" TEMPLATE=0 SHOWPROGRESS=1 FEATURELEVEL=3
[2016.12.09-05.56.31:322][  1]LightingResults: New page: Lighting Build
[2016.12.09-05.56.31:323][  1]LoadErrors: New page: Loading map: TitleScreenLevel.umap
[2016.12.09-05.56.31:323][  1]MapCheck: New page: Map Check
[2016.12.09-05.56.31:323][  1]LightingResults: New page: Lighting Build
[2016.12.09-05.56.31:340][  1]LogEditorServer: Finished looking for orphan Actors (0.000 secs)
[2016.12.09-05.56.31:355][  1]Cmd: MAP CHECKDEP NOCLEARLOG
[2016.12.09-05.56.31:415][  1]MapCheck: Info Map check complete: 0 Error(s), 0 Warning(s), took 60.175ms to complete.
[2016.12.09-05.56.31:415][  1]LogFileHelpers: Loading map 'TitleScreenLevel' took 0.095
[2016.12.09-05.58.10:234][554]LogContentBrowser: Native class hierarchy updated for 'BlueprintGraph' in 0.0014 seconds. Added 111 classes and 0 folders.
[2016.12.09-05.59.16:605][477]LogEditorTransaction: Non zero active count in UTransBuffer::Reset
ActiveCount : 1
SessionName : 
Reason      : Delete Selected Item

Purging the undo buffer...

[2016.12.09-06.02.25:492][144]BlueprintLog: New page: Compile TitleScreenBP
[2016.12.09-06.02.25:780][144]BlueprintEditorCompileResults: Info [0897.14] Compile of TitleScreenBP successful! [in 274 ms] (/Game/OpeningSequence/TitleScreenBP.TitleScreenBP)
[2016.12.09-06.02.26:560][172]LogSavePackage: Save=56.93ms
[2016.12.09-06.02.26:560][172]LogSavePackage: Moving '../../../../../../Users/Kylie/Desktop/smithKylie_CS393D/ProjectStarWars 4.12 - 2/Saved/TitleScreenBP014697074E042B81895B92909A500638.tmp' to '../../../../../../Users/Kylie/Desktop/smithKylie_CS393D/ProjectStarWars 4.12 - 2/Content/OpeningSequence/TitleScreenBP.uasset'
[2016.12.09-06.02.26:664][172]LogSavePackage:Display: Finished SavePackage ../../../../../../Users/Kylie/Desktop/smithKylie_CS393D/ProjectStarWars 4.12 - 2/Content/OpeningSequence/TitleScreenBP.uasset
[2016.12.09-06.02.37:733][978]Cmd: MAP LOAD FILE="../../../../../../Users/Kylie/Desktop/smithKylie_CS393D/ProjectStarWars 4.12 - 2/Content/OpeningSequence/TitleScreenLevel.umap" TEMPLATE=0 SHOWPROGRESS=1 FEATURELEVEL=3
[2016.12.09-06.02.37:733][978]LightingResults: New page: Lighting Build
[2016.12.09-06.02.37:734][978]LoadErrors: New page: Loading map: TitleScreenLevel.umap
[2016.12.09-06.02.37:735][978]MapCheck: New page: Map Check
[2016.12.09-06.02.37:735][978]LightingResults: New page: Lighting Build
[2016.12.09-06.02.37:764][978]LogAIModule: Creating AISystem for world TitleScreenLevel
[2016.12.09-06.02.37:766][978]LogEditorServer: Finished looking for orphan Actors (0.000 secs)
[2016.12.09-06.02.37:782][978]Cmd: MAP CHECKDEP NOCLEARLOG
[2016.12.09-06.02.37:846][978]MapCheck: Info Map check complete: 0 Error(s), 0 Warning(s), took 63.771ms to complete.
[2016.12.09-06.02.37:847][978]LogFileHelpers: Loading map 'TitleScreenLevel' took 0.116
[2016.12.09-06.02.42:496][510]LogContentBrowser: Native class hierarchy updated for 'WorldBrowser' in 0.0008 seconds. Added 1 classes and 3 folders.
[2016.12.09-06.04.05:199][869]BlueprintLog: New page: Compile TitleScreenLevel
[2016.12.09-06.04.05:344][869]BlueprintEditorCompileResults: Info [0996.72] Compile of PersistentLevel.TitleScreenLevel successful! [in 145 ms] (/Game/OpeningSequence/TitleScreenLevel.TitleScreenLevel:PersistentLevel.TitleScreenLevel)
[2016.12.09-06.04.09:472][217]LogSavePackage: Save=146.89ms
[2016.12.09-06.04.09:472][217]LogSavePackage: Moving '../../../../../../Users/Kylie/Desktop/smithKylie_CS393D/ProjectStarWars 4.12 - 2/Saved/TitleScreenLevelE8CD584648A82B1A16F9D19D14F0FE47.tmp' to '../../../../../../Users/Kylie/Desktop/smithKylie_CS393D/ProjectStarWars 4.12 - 2/Content/OpeningSequence/TitleScreenLevel.umap'
[2016.12.09-06.04.09:477][217]LogSavePackage:Display: Finished SavePackage ../../../../../../Users/Kylie/Desktop/smithKylie_CS393D/ProjectStarWars 4.12 - 2/Content/OpeningSequence/TitleScreenLevel.umap
[2016.12.09-06.04.09:495][217]LogFileHelpers: Saving map 'TitleScreenLevel' took 0.275
[2016.12.09-06.06.53:594][341]BlueprintLog: New page: Compile TitleScreenBP
[2016.12.09-06.06.53:779][341]BlueprintEditorCompileResults: Info [1165.15] Compile of TitleScreenBP successful! [in 184 ms] (/Game/OpeningSequence/TitleScreenBP.TitleScreenBP)
[2016.12.09-06.06.55:271][405]LogSavePackage: Save=12.09ms
[2016.12.09-06.06.55:271][405]LogSavePackage: Moving '../../../../../../Users/Kylie/Desktop/smithKylie_CS393D/ProjectStarWars 4.12 - 2/Saved/TitleScreenBP2ABC9F084101507D44616A967A76C94A.tmp' to '../../../../../../Users/Kylie/Desktop/smithKylie_CS393D/ProjectStarWars 4.12 - 2/Content/OpeningSequence/TitleScreenBP.uasset'
[2016.12.09-06.06.55:275][405]LogSavePackage:Display: Finished SavePackage ../../../../../../Users/Kylie/Desktop/smithKylie_CS393D/ProjectStarWars 4.12 - 2/Content/OpeningSequence/TitleScreenBP.uasset
[2016.12.09-06.10.02:978][124]BlueprintLog: New page: Compile TitleScreenBP
[2016.12.09-06.10.03:147][124]BlueprintEditorCompileResults: Info [1354.51] Compile of TitleScreenBP successful! [in 169 ms] (/Game/OpeningSequence/TitleScreenBP.TitleScreenBP)
[2016.12.09-06.10.03:858][179]LogSavePackage: Save=34.55ms
[2016.12.09-06.10.03:858][179]LogSavePackage: Moving '../../../../../../Users/Kylie/Desktop/smithKylie_CS393D/ProjectStarWars 4.12 - 2/Saved/TitleScreenBP166FFBA041873389501280B9102120F5.tmp' to '../../../../../../Users/Kylie/Desktop/smithKylie_CS393D/ProjectStarWars 4.12 - 2/Content/OpeningSequence/TitleScreenBP.uasset'
[2016.12.09-06.10.03:880][179]LogSavePackage:Display: Finished SavePackage ../../../../../../Users/Kylie/Desktop/smithKylie_CS393D/ProjectStarWars 4.12 - 2/Content/OpeningSequence/TitleScreenBP.uasset
[2016.12.09-06.10.18:862][411]LogAIModule: Creating AISystem for world CompanyScreenLevel
[2016.12.09-06.10.18:903][411]Cmd: MAP LOAD FILE="../../../../../../Users/Kylie/Desktop/smithKylie_CS393D/ProjectStarWars 4.12 - 2/Content/OpeningSequence/CompanyScreenLevel.umap" TEMPLATE=0 SHOWPROGRESS=1 FEATURELEVEL=3
[2016.12.09-06.10.18:903][411]LightingResults: New page: Lighting Build
[2016.12.09-06.10.18:904][411]LoadErrors: New page: Loading map: CompanyScreenLevel.umap
[2016.12.09-06.10.18:905][411]MapCheck: New page: Map Check
[2016.12.09-06.10.18:905][411]LightingResults: New page: Lighting Build
[2016.12.09-06.10.18:933][411]LogEditorServer: Finished looking for orphan Actors (0.000 secs)
[2016.12.09-06.10.18:956][411]Cmd: MAP CHECKDEP NOCLEARLOG
[2016.12.09-06.10.19:020][411]MapCheck: Info Map check complete: 0 Error(s), 0 Warning(s), took 63.878ms to complete.
[2016.12.09-06.10.19:020][411]LogFileHelpers: Loading map 'CompanyScreenLevel' took 0.119
[2016.12.09-06.10.21:899][734]LogBlueprintUserMessages: Early PlayInEditor Detection: Level '/Game/OpeningSequence/CompanyScreenLevel.CompanyScreenLevel:PersistentLevel' has LevelScriptBlueprint '/Game/OpeningSequence/CompanyScreenLevel.CompanyScreenLevel:PersistentLevel.CompanyScreenLevel' with GeneratedClass '/Game/OpeningSequence/CompanyScreenLevel.CompanyScreenLevel_C' with ClassGeneratedBy '/Game/OpeningSequence/CompanyScreenLevel.CompanyScreenLevel:PersistentLevel.CompanyScreenLevel'
[2016.12.09-06.10.21:899][734]LogPlayLevel: PlayLevel: No blueprints needed recompiling
[2016.12.09-06.10.21:899][734]PIE: New page: PIE session: CompanyScreenLevel (Dec 8, 2016, 2:10:21 PM)
[2016.12.09-06.10.21:899][734]LogPlayLevel: Creating play world package: /Game/OpeningSequence/UEDPIE_0_CompanyScreenLevel
[2016.12.09-06.10.21:901][734]LogPlayLevel: PIE: StaticDuplicateObject took: (0.001612s)
[2016.12.09-06.10.21:902][734]LogAIModule: Creating AISystem for world CompanyScreenLevel
[2016.12.09-06.10.21:902][734]LogPlayLevel: PIE: World Init took: (0.001113s)
[2016.12.09-06.10.21:902][734]LogPlayLevel: PIE: Created PIE world by copying editor world from /Game/OpeningSequence/CompanyScreenLevel.CompanyScreenLevel to /Game/OpeningSequence/UEDPIE_0_CompanyScreenLevel.CompanyScreenLevel (0.002985s)
[2016.12.09-06.10.21:932][734]LogInit: XAudio2 using 'Speakers (Creative SB X-Fi)' : 2 channels at 48 kHz using 32 bits per sample (channel mask 0x3)
[2016.12.09-06.10.21:962][734]LogInit: FAudioDevice initialized.
[2016.12.09-06.10.22:014][734]LogWorld: Game class is 'ProjectStarWars-GameMode_C'
[2016.12.09-06.10.22:017][734]LogWorld: Bringing World /Game/OpeningSequence/UEDPIE_0_CompanyScreenLevel.CompanyScreenLevel up for play (max tick rate 0) at 2016.12.08-22.10.22
[2016.12.09-06.10.22:017][734]LogWorld: Bringing up level for play took: 0.001864
[2016.12.09-06.10.22:020][734]PIE: Info Play in editor start time for /Game/OpeningSequence/UEDPIE_0_CompanyScreenLevel -0.116
[2016.12.09-06.10.22:020][734]LogBlueprintUserMessages: Late PlayInEditor Detection: Level '/Game/OpeningSequence/CompanyScreenLevel.Co