Log file open, 12/02/16 13:14:24
LogInit:Display: Running engine for game: ProjectStarWars
LogPlatformFile: Not using cached read wrapper
LogInit:Display: RandInit(91555344) SRandInit(91555346).
LogTaskGraph: Started task graph with 4 named threads and 7 total threads with 1 sets of task threads.
LogStats: Stats thread started at 0.081669
LogInit: Version: 4.12.5-3039270+++UE4+Release-4.12
LogInit: API Version: 2992821
LogInit: Net Version: 3039270
LogDevObjectVersion: Number of dev versions registered: 13
LogDevObjectVersion:   Dev-Blueprints (B0D832E4-1F89-4F0D-ACCF-7EB736FD4AA2): 3
LogDevObjectVersion:   Dev-Build (E1C64328-A22C-4D53-A36C-8E866417BD8C): 0
LogDevObjectVersion:   Dev-Core (375EC13C-06E4-48FB-B500-84F0262A717E): 1
LogDevObjectVersion:   Dev-Editor (E4B068ED-F494-42E9-A231-DA0B2E46BB41): 2
LogDevObjectVersion:   Dev-Framework (CFFC743F-43B0-4480-9391-14DF171D2073): 6
LogDevObjectVersion:   Dev-Mobile (B02B49B5-BB20-44E9-A304-32B752E40360): 0
LogDevObjectVersion:   Dev-Networking (A4E4105C-59A1-49B5-A7C5-40C4547EDFEE): 0
LogDevObjectVersion:   Dev-Online (39C831C9-5AE6-47DC-9A44-9C173E1C8E7C): 0
LogDevObjectVersion:   Dev-Physics (78F01B33-EBEA-4F98-B9B4-84EACCB95AA2): 0
LogDevObjectVersion:   Dev-Platform (6631380F-2D4D-43E0-8009-CF276956A95A): 0
LogDevObjectVersion:   Dev-Rendering (12F88B9F-8875-4AFC-A67C-D90C383ABD29): 2
LogDevObjectVersion:   Dev-Sequencer (7B5AE74C-D270-4C10-A958-57980B212A5A): 0
LogDevObjectVersion:   Dev-VR (D7296918-1DD6-4BDD-9DE2-64A83CC13884): 0
LogInit: Compiled (64-bit): Jul  6 2016 09:09:46
LogInit: Compiled with Visual C++: 19.00.23026.00
LogInit: Build Configuration: Development
LogInit: Branch Name: ++UE4+Release-4.12
LogInit: Command line: 
LogInit: Base directory: C:/UE4/4.12/Engine/Binaries/Win64/
LogInit: Installed Engine Build: 1
LogInit: Using libcurl 7.41.0
LogInit:  - built for x86_64-pc-win32
LogInit:  - supports SSL with WinSSL
LogInit:  - other features:
LogInit:      CURL_VERSION_SSL
LogInit:      CURL_VERSION_IPV6
LogInit:      CURL_VERSION_ASYNCHDNS
LogInit:      CURL_VERSION_LARGEFILE
LogInit:      CURL_VERSION_IDN
LogInit:  CurlRequestOptions (configurable via config and command line):
LogInit:  - bVerifyPeer = true  - Libcurl will verify peer certificate
LogInit:  - bUseHttpProxy = false  - Libcurl will NOT use HTTP proxy
LogInit:  - bDontReuseConnections = false  - Libcurl will reuse connections
LogInit:  - CertBundlePath = nullptr  - Libcurl will use whatever was configured at build time.
LogInit: Presizing for max 8388607 objects, including 0 objects not considered by GC, pre-allocating 0 bytes for permanent pool.
LogInit: Object subsystem initialized
[2016.12.02-21.14.24:502][  0]LogInit: Selected Device Profile: [Windows]
[2016.12.02-21.14.24:502][  0]LogInit: Applying CVar settings loaded from the selected device profile: [Windows]
[2016.12.02-21.14.24:510][  0]LogInit: Computer: AI241LAB0202P15
[2016.12.02-21.14.24:510][  0]LogInit: User: student
[2016.12.02-21.14.24:510][  0]LogInit: CPU Page size=65536, Cores=4
[2016.12.02-21.14.24:510][  0]LogInit: High frequency timer resolution =2.604228 MHz
[2016.12.02-21.14.24:511][  0]LogMemory: Memory total: Physical=12.0GB (12GB approx)
[2016.12.02-21.14.24:511][  0]LogMemory: Platform Memory Stats for Windows
[2016.12.02-21.14.24:511][  0]LogMemory: Process Physical Memory: 189.98 MB used, 189.98 MB peak
[2016.12.02-21.14.24:511][  0]LogMemory: Process Virtual Memory: 195.87 MB used, 195.87 MB peak
[2016.12.02-21.14.24:511][  0]LogMemory: Physical Memory: 4094.77 MB used, 12271.22 MB total
[2016.12.02-21.14.24:511][  0]LogMemory: Virtual Memory: 522.89 MB used, 8388608.00 MB total
[2016.12.02-21.14.24:547][  0]LogTextLocalizationManager: No specific translations for ('en-US') exist, so ('en') translations will be used.
[2016.12.02-21.14.25:064][  0]LogD3D11RHI: D3D11 adapters:
[2016.12.02-21.14.25:097][  0]LogD3D11RHI:    0. 'NVIDIA GeForce GTX 960' (Feature Level 11_0)
[2016.12.02-21.14.25:097][  0]LogD3D11RHI:       4010/0/5879 MB DedicatedVideo/DedicatedSystem/SharedSystem, Outputs:1, VendorId:0x10de
[2016.12.02-21.14.25:097][  0]LogD3D11RHI: Chosen D3D11 Adapter: 0
[2016.12.02-21.14.25:111][  0]LogD3D11RHI: Creating new Direct3DDevice
[2016.12.02-21.14.25:112][  0]LogD3D11RHI:     GPU DeviceId: 0x1401 (for the marketing name, search the web for "GPU Device Id")
[2016.12.02-21.14.25:112][  0]LogWindows: EnumDisplayDevices:
[2016.12.02-21.14.25:113][  0]LogWindows:    0. 'NVIDIA GeForce GTX 960' (P:1 D:1)
[2016.12.02-21.14.25:114][  0]LogWindows:    1. 'NVIDIA GeForce GTX 960' (P:0 D:0)
[2016.12.02-21.14.25:115][  0]LogWindows:    2. 'NVIDIA GeForce GTX 960' (P:0 D:0)
[2016.12.02-21.14.25:118][  0]LogWindows:    3. 'NVIDIA GeForce GTX 960' (P:0 D:0)
[2016.12.02-21.14.25:119][  0]LogWindows:    4. 'RDPDD Chained DD' (P:0 D:0)
[2016.12.02-21.14.25:121][  0]LogWindows:    5. 'RDP Encoder Mirror Driver' (P:0 D:0)
[2016.12.02-21.14.25:122][  0]LogWindows:    6. 'RDP Reflector Display Driver' (P:0 D:0)
[2016.12.02-21.14.25:123][  0]LogWindows: DebugString: GetVideoDriverDetailsInvalid PrimaryIsNotTheChoosenAdapter GetVideoDriverDetailsInvalid PrimaryIsNotTheChoosenAdapter GetVideoDriverDetailsInvalid PrimaryIsNotTheChoosenAdapter FoundDriverCount:4 
[2016.12.02-21.14.25:123][  0]LogD3D11RHI:     Adapter Name: NVIDIA GeForce GTX 960
[2016.12.02-21.14.25:123][  0]LogD3D11RHI:   Driver Version: 368.39 (internal:10.18.13.6839, unified:368.39)
[2016.12.02-21.14.25:123][  0]LogD3D11RHI:      Driver Date: 6-2-2016
[2016.12.02-21.14.25:123][  0]LogRHI: Texture pool is 1361 MB (70% of 1945 MB)
[2016.12.02-21.14.25:135][  0]LogD3D11RHI: Async texture creation enabled
[2016.12.02-21.14.25:157][  0]LogD3D11RHI: GPU Timing Frequency: 1000.000000 (Debug: 2 2)
[2016.12.02-21.14.25:157][  0]LogShaderCompilers: Guid format shader working directory is 7 characters bigger than the processId version (G:/smithKylie_CS393D/ProjectStarWars 4.12/Intermediate/Shaders/WorkingDirectory/5916/).
[2016.12.02-21.14.25:157][  0]LogShaderCompilers: Cleaned the shader compiler working directory 'C:/Users/student/AppData/Local/Temp/UnrealShaderWorkingDir/AEC31BEB44F5F2005D5916BF75CF8CBE/'.
[2016.12.02-21.14.25:157][  0]LogShaderCompilers:Display: Using Local Shader Compiler.
[2016.12.02-21.14.26:332][  0]LogTemp:Display: Loaded TP AllDesktopTargetPlatform
[2016.12.02-21.14.26:345][  0]LogTemp:Display: Loaded TP WindowsClientTargetPlatform
[2016.12.02-21.14.26:359][  0]LogTemp:Display: Loaded TP WindowsNoEditorTargetPlatform
[2016.12.02-21.14.26:372][  0]LogTemp:Display: Loaded TP WindowsServerTargetPlatform
[2016.12.02-21.14.26:385][  0]LogTemp:Display: Loaded TP WindowsTargetPlatform
[2016.12.02-21.14.26:396][  0]LogTemp:Display: Loaded TP AndroidTargetPlatform
[2016.12.02-21.14.26:408][  0]LogTemp:Display: Loaded TP Android_ASTCTargetPlatform
[2016.12.02-21.14.26:419][  0]LogTemp:Display: Loaded TP Android_ATCTargetPlatform
[2016.12.02-21.14.26:431][  0]LogTemp:Display: Loaded TP Android_DXTTargetPlatform
[2016.12.02-21.14.26:442][  0]LogTemp:Display: Loaded TP Android_ETC1TargetPlatform
[2016.12.02-21.14.26:453][  0]LogTemp:Display: Loaded TP Android_ETC2TargetPlatform
[2016.12.02-21.14.26:476][  0]LogTemp:Display: Loaded TP Android_MultiTargetPlatform
[2016.12.02-21.14.26:476][  0]LogTemp:Display: Loaded TP Android_PVRTCTargetPlatform
[2016.12.02-21.14.26:477][  0]LogTemp:Display: Loaded TP HTML5TargetPlatform
[2016.12.02-21.14.26:503][  0]LogTemp:Display: Loaded TP IOSTargetPlatform
[2016.12.02-21.14.26:513][  0]LogTemp:Display: Loaded TP TVOSTargetPlatform
[2016.12.02-21.14.26:524][  0]LogTemp:Display: Loaded TP LinuxNoEditorTargetPlatform
[2016.12.02-21.14.26:534][  0]LogTemp:Display: Loaded TP LinuxServerTargetPlatform
[2016.12.02-21.14.26:545][  0]LogTemp:Display: Loaded TP LinuxTargetPlatform
[2016.12.02-21.14.26:545][  0]LogTargetPlatformManager:Display: Building Assets For Windows
[2016.12.02-21.14.26:638][  0]LogDerivedDataCache:Display: Max Cache Size: 512 MB
[2016.12.02-21.14.26:726][  0]LogDerivedDataCache: Loaded boot cache 0.09s 62MB C:/Users/student/AppData/Local/UnrealEngine/4.12/DerivedDataCache/Boot.ddc.
[2016.12.02-21.14.26:726][  0]LogDerivedDataCache:Display: Loaded Boot cache: C:/Users/student/AppData/Local/UnrealEngine/4.12/DerivedDataCache/Boot.ddc
[2016.12.02-21.14.26:726][  0]LogDerivedDataCache: FDerivedDataBackendGraph:  Pak pak cache file G:/smithKylie_CS393D/ProjectStarWars 4.12/DerivedDataCache/DDC.ddp not found, will not use a pak cache.
[2016.12.02-21.14.26:726][  0]LogDerivedDataCache: Unable to find inner node Pak for hierarchical cache Hierarchy.
[2016.12.02-21.14.26:726][  0]LogDerivedDataCache: FDerivedDataBackendGraph:  CompressedPak pak cache file G:/smithKylie_CS393D/ProjectStarWars 4.12/DerivedDataCache/Compressed.ddp not found, will not use a pak cache.
[2016.12.02-21.14.26:726][  0]LogDerivedDataCache: Unable to find inner node CompressedPak for hierarchical cache Hierarchy.
[2016.12.02-21.14.26:750][  0]LogDerivedDataCache:Display: Pak cache opened for reading ../../../Engine/DerivedDataCache/Compressed.ddp.
[2016.12.02-21.14.26:762][  0]LogDerivedDataCache: Using Local data cache path C:/Users/student/AppData/Local/UnrealEngine/Common/DerivedDataCache: Writable
[2016.12.02-21.14.27:000][  0]LogInit: Selected Device Profile: [Windows]
[2016.12.02-21.14.27:001][  0]LogContentStreaming: Texture pool size is 0.00 MB
[2016.12.02-21.14.27:209][  0]LogMeshUtilities: No automatic mesh reduction module available
[2016.12.02-21.14.27:209][  0]LogMeshUtilities: No automatic mesh merging module available
[2016.12.02-21.14.27:209][  0]LogMeshUtilities: No distributed automatic mesh merging module available
[2016.12.02-21.14.27:517][  0]LogAssetRegistry: FAssetRegistry took 0.0199 seconds to start up
[2016.12.02-21.14.27:546][  0]LogPackageLocalizationCache: Processed 3 localized package path(s) for 2 prioritized culture(s) in 0.024529 seconds
[2016.12.02-21.14.27:553][  0]LogUObjectArray: 28739 objects as part of root set at end of initial load.
[2016.12.02-21.14.27:554][  0]LogUObjectAllocator: 5855624 out of 0 bytes used by permanent object pool.
[2016.12.02-21.14.27:554][  0]LogUObjectArray: CloseDisregardForGC: 0/0 objects in disregard for GC pool
[2016.12.02-21.14.27:563][  0]LogInit: WinSock: version 1.1 (2.2), MaxSocks=32767, MaxUdp=65467
[2016.12.02-21.14.27:796][  0]LogSlate: SlateFontCache - WITH_FREETYPE: 1, WITH_HARFBUZZ: 1
[2016.12.02-21.14.27:796][  0]LogSlate: SlateFontCache - WITH_FREETYPE: 1, WITH_HARFBUZZ: 1
[2016.12.02-21.14.28:651][  0]LogUdpMessaging: Initializing bridge on interface 0.0.0.0:0 to multicast group 230.0.0.1:6666.
[2016.12.02-21.14.28:908][  0]SourceControl: Info Source control is disabled
[2016.12.02-21.14.28:909][  0]SourceControl: Info Source control is disabled
[2016.12.02-21.14.28:918][  0]SourceControl: Info Source control is disabled
[2016.12.02-21.14.28:928][  0]SourceControl: Info Source control is disabled
[2016.12.02-21.14.29:176][  0]LogEngine: Initializing Engine...
[2016.12.02-21.14.29:177][  0]LogHMD: SteamVR failed to initialize.  Err: 110
[2016.12.02-21.14.29:177][  0]LogHMD: SteamVR failed to initialize.  Err: 110
[2016.12.02-21.14.29:366][  0]LogAIModule: Creating AISystem for world NewWorld
[2016.12.02-21.14.29:371][  0]LogInit: XAudio2 using 'Speakers (Realtek High Definition Audio)' : 2 channels at 48 kHz using 32 bits per sample (channel mask 0x3)
[2016.12.02-21.14.29:398][  0]LogInit: FAudioDevice initialized.
[2016.12.02-21.14.29:445][  0]LogDerivedDataCache: Saved boot cache 0.05s 62MB C:/Users/student/AppData/Local/UnrealEngine/4.12/DerivedDataCache/Boot.ddc.
[2016.12.02-21.14.29:463][  0]LogInit: Texture streaming: Enabled
[2016.12.02-21.14.29:491][  0]LogInit: Transaction tracking system initialized
[2016.12.02-21.14.29:522][  0]BlueprintLog: New page: Editor Load
[2016.12.02-21.14.29:618][  0]LocalizationService: Info Localization service is disabled
[2016.12.02-21.14.29:720][  0]LogConsoleResponse:Display: 
[2016.12.02-21.14.29:848][  0]LogCook:Display: Max memory allowance for cook 8192mb
[2016.12.02-21.14.29:848][  0]LogCook:Display: Mobile HDR setting 1
[2016.12.02-21.14.29:970][  0]LogFileCache: Scanning file cache for directory 'G:/smithKylie_CS393D/ProjectStarWars 4.12/Content/' took 0.01s
[2016.12.02-21.14.29:970][  0]SourceControl: Info Source control is disabled
[2016.12.02-21.14.29:970][  0]Cmd: MAP LOAD FILE="../../../Engine/Content/Maps/Templates/Template_Default.umap" TEMPLATE=1 SHOWPROGRESS=1 FEATURELEVEL=3
[2016.12.02-21.14.29:970][  0]LightingResults: New page: Lighting Build
[2016.12.02-21.14.29:974][  0]MapCheck: New page: Map Check
[2016.12.02-21.14.29:974][  0]LightingResults: New page: Lighting Build
[2016.12.02-21.14.30:354][  0]LogAIModule: Creating AISystem for world Untitled_1
[2016.12.02-21.14.30:361][  0]LogEditorServer: Finished looking for orphan Actors (0.000 secs)
[2016.12.02-21.14.30:368][  0]Cmd: MAP CHECKDEP NOCLEARLOG
[2016.12.02-21.14.30:413][  0]MapCheck: Info Map check complete: 0 Error(s), 0 Warning(s), took 44.853ms to complete.
[2016.12.02-21.14.30:413][  0]LogFileHelpers: Loading map 'Template_Default' took 0.443
[2016.12.02-21.14.30:595][  0]LogCollectionManager: Loaded 0 collections in 0.002142 seconds
[2016.12.02-21.14.30:655][  0]LogFileCache: Scanning file cache for directory 'G:/smithKylie_CS393D/ProjectStarWars 4.12/Saved/Collections/' took 0.01s
[2016.12.02-21.14.30:655][  0]LogFileCache: Scanning file cache for directory 'G:/smithKylie_CS393D/ProjectStarWars 4.12/Content/Developers/student/Collections/' took 0.01s
[2016.12.02-21.14.30:655][  0]LogFileCache: Scanning file cache for directory 'G:/smithKylie_CS393D/ProjectStarWars 4.12/Content/Collections/' took 0.01s
[2016.12.02-21.14.30:655][  0]LogCollectionManager: Rebuilt the GUID cache for 0 collections in 0.000002 seconds
[2016.12.02-21.14.30:670][  0]LogContentBrowser: Native class hierarchy populated in 0.0129 seconds. Added 2047 classes and 369 folders.
[2016.12.02-21.14.30:679][  0]LogStats: UGameplayTagsManager::ConstructGameplayTagTree: Construct from data asset -  0.000 s
[2016.12.02-21.14.30:679][  0]LogStats: UGameplayTagsManager::ConstructGameplayTagTree: GameplayTagTreeChangedEvent.Broadcast -  0.000 s
[2016.12.02-21.14.30:680][  0]LogContentBrowser: Native class hierarchy updated for 'GameplayTags' in 0.0005 seconds. Added 12 classes and 0 folders.
[2016.12.02-21.14.30:688][  0]LogContentBrowser: Native class hierarchy updated for 'WidgetCarousel' in 0.0004 seconds. Added 0 classes and 0 folders.
[2016.12.02-21.14.30:842][  0]LogContentBrowser: Native class hierarchy updated for 'AddContentDialog' in 0.0006 seconds. Added 0 classes and 0 folders.
[2016.12.02-21.14.30:859][  0]LogContentBrowser: Native class hierarchy updated for 'SceneOutliner' in 0.0006 seconds. Added 1 classes and 2 folders.
[2016.12.02-21.14.30:933][  0]LogCrashTracker: Crashtracker disabled due to settings.
[2016.12.02-21.14.30:962][  0]LogTexture:Display: Building textures: Blueprint_64x (BGRA8)
[2016.12.02-21.14.30:964][  0]LogTexture:Display: Building textures: icon_Editor_Preferences_General_40x (BGRA8)
[2016.12.02-21.14.30:967][  0]LogTexture:Display: Building textures: Paper2DSprite_TutorialIcon (BGRA8)
[2016.12.02-21.14.30:969][  0]LogTexture:Display: Building textures: icon_ShowSkeletalMeshes_40x (BGRA8)
[2016.12.02-21.14.30:970][  0]LogTexture:Display: Building textures: Landscape (BGRA8)
[2016.12.02-21.14.30:972][  0]LogTexture:Display: Building textures: Foliage (BGRA8)
[2016.12.02-21.14.31:003][  0]LogContentBrowser: Native class hierarchy updated for 'HierarchicalLODOutliner' in 0.0004 seconds. Added 1 classes and 2 folders.
[2016.12.02-21.14.31:003][  0]LogLoad: Full Startup: 7.21 seconds (BP compile: 0.05 seconds)
[2016.12.02-21.14.31:003][  0]LogExternalProfiler: Found external profiler: VSPerf
[2016.12.02-21.14.31:003][  0]LogExternalProfiler: Using external profiler: VSPerf
[2016.12.02-21.14.31:013][  0]LogOcInput: OculusInput pre-init called
[2016.12.02-21.14.31:039][  0]LogContentStreaming: Texture pool size now 1000 MB
[2016.12.02-21.14.31:066][  0]LogTexture:Display: Building textures: icon_tab_Levels_